<?xml version="1.0" encoding="UTF-8"?>
<coverage generated="1620144490688" clover="3.2.0">
  <project timestamp="1620144490688" name="All files">
    <metrics statements="12" coveredstatements="11" conditionals="6" coveredconditionals="5" methods="1" coveredmethods="1" elements="19" coveredelements="17" complexity="0" loc="12" ncloc="12" packages="1" files="1" classes="1"/>
    <file name="tenMinWalk.js" path="/Users/floradavies/Projects/process_workshops/04-May/src/tenMinWalk.js">
      <metrics statements="12" coveredstatements="11" conditionals="6" coveredconditionals="5" methods="1" coveredmethods="1"/>
      <line num="3" count="2" type="stmt"/>
      <line num="4" count="2" type="stmt"/>
      <line num="5" count="2" type="cond" truecount="2" falsecount="0"/>
      <line num="6" count="1" type="stmt"/>
      <line num="8" count="1" type="stmt"/>
      <line num="9" count="10" type="cond" truecount="2" falsecount="0"/>
      <line num="10" count="5" type="stmt"/>
      <line num="12" count="5" type="stmt"/>
      <line num="15" count="1" type="cond" truecount="1" falsecount="1"/>
      <line num="16" count="1" type="stmt"/>
      <line num="18" count="0" type="stmt"/>
      <line num="23" count="1" type="stmt"/>
    </file>
  </project>
</coverage>
