<?xml version="1.0" encoding="UTF-8"?>
<coverage generated="1623319497522" clover="3.2.0">
  <project timestamp="1623319497522" name="All files">
    <metrics statements="9" coveredstatements="9" conditionals="8" coveredconditionals="7" methods="1" coveredmethods="1" elements="18" coveredelements="17" complexity="0" loc="9" ncloc="9" packages="1" files="1" classes="1"/>
    <file name="scrabbleScorer.js" path="/Users/floradavies/Projects/process_workshops/08-Jun/src/scrabbleScorer.js">
      <metrics statements="9" coveredstatements="9" conditionals="8" coveredconditionals="7" methods="1" coveredmethods="1"/>
      <line num="2" count="14" type="cond" truecount="2" falsecount="0"/>
      <line num="3" count="3" type="stmt"/>
      <line num="4" count="11" type="cond" truecount="2" falsecount="0"/>
      <line num="5" count="2" type="stmt"/>
      <line num="6" count="9" type="cond" truecount="2" falsecount="0"/>
      <line num="7" count="4" type="stmt"/>
      <line num="8" count="5" type="cond" truecount="1" falsecount="1"/>
      <line num="9" count="5" type="stmt"/>
      <line num="13" count="1" type="stmt"/>
    </file>
  </project>
</coverage>
