{"/Users/floradavies/Projects/process_workshops/08-Jun/src/scrabbleScorer.js": {"path":"/Users/floradavies/Projects/process_workshops/08-Jun/src/scrabbleScorer.js","statementMap":{"0":{"start":{"line":2,"column":12},"end":{"line":2,"column":13}},"1":{"start":{"line":3,"column":16},"end":{"line":3,"column":30}},"2":{"start":{"line":5,"column":2},"end":{"line":25,"column":3}},"3":{"start":{"line":5,"column":15},"end":{"line":5,"column":16}},"4":{"start":{"line":6,"column":4},"end":{"line":6,"column":28}},"5":{"start":{"line":7,"column":4},"end":{"line":7,"column":28}},"6":{"start":{"line":8,"column":4},"end":{"line":24,"column":5}},"7":{"start":{"line":11,"column":6},"end":{"line":11,"column":15}},"8":{"start":{"line":12,"column":11},"end":{"line":24,"column":5}},"9":{"start":{"line":13,"column":6},"end":{"line":13,"column":15}},"10":{"start":{"line":14,"column":11},"end":{"line":24,"column":5}},"11":{"start":{"line":15,"column":6},"end":{"line":15,"column":15}},"12":{"start":{"line":16,"column":11},"end":{"line":24,"column":5}},"13":{"start":{"line":17,"column":6},"end":{"line":17,"column":15}},"14":{"start":{"line":18,"column":11},"end":{"line":24,"column":5}},"15":{"start":{"line":19,"column":6},"end":{"line":19,"column":15}},"16":{"start":{"line":20,"column":11},"end":{"line":24,"column":5}},"17":{"start":{"line":21,"column":6},"end":{"line":21,"column":15}},"18":{"start":{"line":22,"column":11},"end":{"line":24,"column":5}},"19":{"start":{"line":23,"column":6},"end":{"line":23,"column":16}},"20":{"start":{"line":26,"column":2},"end":{"line":26,"column":13}},"21":{"start":{"line":29,"column":0},"end":{"line":29,"column":32}}},"fnMap":{"0":{"name":"scrabbleScorer","decl":{"start":{"line":1,"column":9},"end":{"line":1,"column":23}},"loc":{"start":{"line":1,"column":30},"end":{"line":27,"column":1}},"line":1}},"branchMap":{"0":{"loc":{"start":{"line":8,"column":4},"end":{"line":24,"column":5}},"type":"if","locations":[{"start":{"line":8,"column":4},"end":{"line":24,"column":5}},{"start":{"line":8,"column":4},"end":{"line":24,"column":5}}],"line":8},"1":{"loc":{"start":{"line":12,"column":11},"end":{"line":24,"column":5}},"type":"if","locations":[{"start":{"line":12,"column":11},"end":{"line":24,"column":5}},{"start":{"line":12,"column":11},"end":{"line":24,"column":5}}],"line":12},"2":{"loc":{"start":{"line":14,"column":11},"end":{"line":24,"column":5}},"type":"if","locations":[{"start":{"line":14,"column":11},"end":{"line":24,"column":5}},{"start":{"line":14,"column":11},"end":{"line":24,"column":5}}],"line":14},"3":{"loc":{"start":{"line":16,"column":11},"end":{"line":24,"column":5}},"type":"if","locations":[{"start":{"line":16,"column":11},"end":{"line":24,"column":5}},{"start":{"line":16,"column":11},"end":{"line":24,"column":5}}],"line":16},"4":{"loc":{"start":{"line":18,"column":11},"end":{"line":24,"column":5}},"type":"if","locations":[{"start":{"line":18,"column":11},"end":{"line":24,"column":5}},{"start":{"line":18,"column":11},"end":{"line":24,"column":5}}],"line":18},"5":{"loc":{"start":{"line":20,"column":11},"end":{"line":24,"column":5}},"type":"if","locations":[{"start":{"line":20,"column":11},"end":{"line":24,"column":5}},{"start":{"line":20,"column":11},"end":{"line":24,"column":5}}],"line":20},"6":{"loc":{"start":{"line":22,"column":11},"end":{"line":24,"column":5}},"type":"if","locations":[{"start":{"line":22,"column":11},"end":{"line":24,"column":5}},{"start":{"line":22,"column":11},"end":{"line":24,"column":5}}],"line":22}},"s":{"0":20,"1":20,"2":20,"3":20,"4":21,"5":21,"6":21,"7":4,"8":17,"9":2,"10":15,"11":5,"12":10,"13":5,"14":5,"15":1,"16":4,"17":2,"18":2,"19":2,"20":20,"21":1},"f":{"0":20},"b":{"0":[4,17],"1":[2,15],"2":[5,10],"3":[5,5],"4":[1,4],"5":[2,2],"6":[2,0]},"_coverageSchema":"1a1c01bbd47fc00a2c39e90264f33305004495a9","hash":"87c98fac9c2f2e8215e5a74244a38a3ff9b9d221"}
}
