TN:
SF:src/scrabbleScorer.js
FN:1,scrabbleScorer
FNF:1
FNH:1
FNDA:24,scrabbleScorer
DA:2,24
DA:3,3
DA:6,21
DA:8,21
DA:10,21
DA:11,28
DA:14,7
DA:15,21
DA:16,3
DA:17,18
DA:18,8
DA:19,10
DA:20,5
DA:21,5
DA:22,1
DA:23,4
DA:24,2
DA:25,2
DA:26,2
DA:29,21
DA:32,1
LF:21
LH:21
BRDA:2,0,0,3
BRDA:2,0,1,21
BRDA:2,1,0,24
BRDA:2,1,1,23
BRDA:2,1,2,22
BRDA:11,2,0,7
BRDA:11,2,1,21
BRDA:15,3,0,3
BRDA:15,3,1,18
BRDA:17,4,0,8
BRDA:17,4,1,10
BRDA:19,5,0,5
BRDA:19,5,1,5
BRDA:21,6,0,1
BRDA:21,6,1,4
BRDA:23,7,0,2
BRDA:23,7,1,2
BRDA:25,8,0,2
BRDA:25,8,1,0
BRF:19
BRH:18
end_of_record
