{"/Users/floradavies/Projects/process_workshops/15-Jun/src/checkout.js": {"path":"/Users/floradavies/Projects/process_workshops/15-Jun/src/checkout.js","statementMap":{"0":{"start":{"line":3,"column":18},"end":{"line":8,"column":5}},"1":{"start":{"line":10,"column":24},"end":{"line":10,"column":42}},"2":{"start":{"line":12,"column":4},"end":{"line":16,"column":5}},"3":{"start":{"line":13,"column":6},"end":{"line":13,"column":37}},"4":{"start":{"line":15,"column":6},"end":{"line":15,"column":63}},"5":{"start":{"line":20,"column":0},"end":{"line":20,"column":22}}},"fnMap":{"0":{"name":"(anonymous_0)","decl":{"start":{"line":2,"column":2},"end":{"line":2,"column":3}},"loc":{"start":{"line":2,"column":21},"end":{"line":17,"column":3}},"line":2}},"branchMap":{"0":{"loc":{"start":{"line":12,"column":4},"end":{"line":16,"column":5}},"type":"if","locations":[{"start":{"line":12,"column":4},"end":{"line":16,"column":5}},{"start":{"line":12,"column":4},"end":{"line":16,"column":5}}],"line":12}},"s":{"0":5,"1":5,"2":5,"3":4,"4":1,"5":1},"f":{"0":5},"b":{"0":[4,1]},"_coverageSchema":"1a1c01bbd47fc00a2c39e90264f33305004495a9","hash":"f30a7378feebe91b3f8d49f5c5677ad55f2f0637"}
}
