TN:
SF:src/checkout.js
FN:2,(anonymous_0)
FN:13,(anonymous_1)
FN:29,(anonymous_2)
FNF:3
FNH:3
FNDA:10,(anonymous_0)
FNDA:10,(anonymous_1)
FNDA:9,(anonymous_2)
DA:3,10
DA:9,10
DA:10,10
DA:14,10
DA:15,1
DA:18,9
DA:19,9
DA:21,9
DA:23,9
DA:24,19
DA:26,9
DA:30,9
DA:31,9
DA:33,9
DA:34,19
DA:35,7
DA:36,12
DA:37,5
DA:41,9
DA:42,8
DA:45,9
DA:46,8
DA:51,1
LF:23
LH:23
BRDA:14,0,0,1
BRDA:14,0,1,9
BRDA:34,1,0,7
BRDA:34,1,1,12
BRDA:36,2,0,5
BRDA:36,2,1,7
BRDA:41,3,0,8
BRDA:41,3,1,1
BRDA:45,4,0,8
BRDA:45,4,1,1
BRF:10
BRH:10
end_of_record
