TN:
SF:src/checkout.js
FN:2,(anonymous_0)
FN:13,(anonymous_1)
FN:31,(anonymous_2)
FN:52,(anonymous_3)
FNF:4
FNH:3
FNDA:11,(anonymous_0)
FNDA:11,(anonymous_1)
FNDA:9,(anonymous_2)
FNDA:0,(anonymous_3)
DA:3,11
DA:9,11
DA:10,11
DA:16,11
DA:17,2
DA:20,9
DA:21,9
DA:23,9
DA:25,9
DA:26,19
DA:28,9
DA:32,9
DA:33,9
DA:35,9
DA:36,19
DA:37,7
DA:38,12
DA:39,5
DA:43,9
DA:44,8
DA:47,9
DA:48,8
DA:53,0
DA:54,0
DA:59,1
LF:25
LH:23
BRDA:16,0,0,2
BRDA:16,0,1,9
BRDA:36,1,0,7
BRDA:36,1,1,12
BRDA:38,2,0,5
BRDA:38,2,1,7
BRDA:43,3,0,8
BRDA:43,3,1,1
BRDA:47,4,0,8
BRDA:47,4,1,1
BRDA:53,5,0,0
BRDA:53,5,1,0
BRF:12
BRH:10
end_of_record
